<?xml version="1.0" encoding="UTF-8"?>
<!-- Generated by org.testng.reporters.JUnitReportReporter -->
<testsuite skipped="0" hostname="DESKTOP-QS8IMHF" name="com.zohosignintestpage.suitepack.ZohoSignInTestPage" tests="1" failures="0" timestamp="17 Aug 2019 15:03:21 GMT" time="39.304" errors="0">
  <testcase name="validateZohoSignIn" time="39.304" classname="com.zohosignintestpage.suitepack.ZohoSignInTestPage"/>
</testsuite> <!-- com.zohosignintestpage.suitepack.ZohoSignInTestPage -->
