<?xml version="1.0" encoding="UTF-8"?>
<!-- Generated by org.testng.reporters.JUnitReportReporter -->
<testsuite skipped="0" hostname="DESKTOP-QS8IMHF" name="rough.Rough" tests="2" failures="0" timestamp="24 Aug 2019 12:55:17 GMT" time="0.012" errors="0">
  <testcase name="launch" time="0.007" classname="rough.Rough"/>
  <testcase name="launch" time="0.005" classname="rough.Rough"/>
</testsuite> <!-- rough.Rough -->
